<?xml version="1.0" encoding="UTF-8"?>
<!-- Generated by org.testng.reporters.JUnitReportReporter -->
<testsuite skipped="0" hostname="DESKTOP-0TCCTUB" name="test.Vivensas_Contact_Us_PageTest_TestNGTest" tests="1" failures="0" timestamp="2021-03-02T17:13:27 IST" time="150.674" errors="0">
  <testcase name="ContactUs_Test" time="150.674" classname="test.Vivensas_Contact_Us_PageTest_TestNGTest"/>
  <system-out/>
</testsuite> <!-- test.Vivensas_Contact_Us_PageTest_TestNGTest -->
