<?xml version="1.0" encoding="UTF-8"?>
<!-- Generated by org.testng.reporters.JUnitReportReporter -->
<testsuite skipped="0" hostname="DESKTOP-0TCCTUB" name="testapplication.ExceptionHandling" tests="1" failures="0" timestamp="2021-02-10T13:58:44 IST" time="0.007" errors="0">
  <testcase name="Handle" time="0.007" classname="testapplication.ExceptionHandling"/>
  <system-out/>
</testsuite> <!-- testapplication.ExceptionHandling -->
