<?xml version="1.0" encoding="UTF-8"?>
<!-- Generated by org.testng.reporters.JUnitReportReporter -->
<testsuite skipped="0" hostname="DESKTOP-0TCCTUB" name="testapplication.Login" tests="2" failures="0" timestamp="2021-03-26T18:04:29 IST" time="4.530" errors="0">
  <testcase name="login" time="3.757" classname="testapplication.Login"/>
  <system-out/>
  <testcase name="login" time="0.773" classname="testapplication.Login"/>
  <system-out/>
</testsuite> <!-- testapplication.Login -->
