<?xml version="1.0" encoding="UTF-8"?>
<!-- Generated by org.testng.reporters.JUnitReportReporter -->
<testsuite skipped="0" hostname="DESKTOP-0TCCTUB" name="test.DataExtraction" tests="1" failures="0" timestamp="2021-02-11T18:46:44 IST" time="105.296" errors="0">
  <testcase name="testapp" time="105.296" classname="test.DataExtraction"/>
  <system-out/>
</testsuite> <!-- test.DataExtraction -->
