<?xml version="1.0" encoding="UTF-8"?>
<!-- Generated by org.testng.reporters.JUnitReportReporter -->
<testsuite skipped="0" hostname="DESKTOP-0TCCTUB" name="Transactions.InvoiceCollection" tests="2" failures="0" timestamp="2021-03-02T20:09:00 IST" time="4.816" errors="0">
  <testcase name="Invoicemenuclick" time="4.499" classname="Transactions.InvoiceCollection"/>
  <system-out/>
  <testcase name="fieldValidation" time="0.317" classname="Transactions.InvoiceCollection"/>
  <system-out/>
</testsuite> <!-- Transactions.InvoiceCollection -->
