<?xml version="1.0" encoding="UTF-8"?>
<!-- Generated by org.testng.reporters.JUnitReportReporter -->
<testsuite skipped="0" hostname="DESKTOP-0TCCTUB" name="Masters.MasterBase" tests="1" failures="0" timestamp="2021-02-17T12:28:05 IST" time="0.006" errors="0">
  <testcase name="Test" time="0.006" classname="Masters.MasterBase"/>
  <system-out/>
</testsuite> <!-- Masters.MasterBase -->
