<?xml version="1.0" encoding="UTF-8"?>
<!-- Generated by org.testng.reporters.JUnitReportReporter -->
<testsuite skipped="0" hostname="DESKTOP-0TCCTUB" name="Masters.OutletType" tests="1" failures="0" timestamp="2021-02-17T19:16:52 IST" time="10.013" errors="0">
  <testcase name="CreateOutletType" time="10.013" classname="Masters.OutletType"/>
  <system-out/>
</testsuite> <!-- Masters.OutletType -->
