<?xml version="1.0" encoding="UTF-8"?>
<!-- Generated by org.testng.reporters.JUnitReportReporter -->
<testsuite skipped="0" hostname="DESKTOP-0TCCTUB" name="testapplication.DataDrivenRead_Write" tests="1" failures="0" timestamp="2021-02-11T13:37:18 IST" time="1.087" errors="0">
  <testcase name="mainfunction" time="1.087" classname="testapplication.DataDrivenRead_Write"/>
  <system-out/>
</testsuite> <!-- testapplication.DataDrivenRead_Write -->
