<?xml version="1.0" encoding="UTF-8"?>
<!-- Generated by org.testng.reporters.JUnitReportReporter -->
<testsuite skipped="0" hostname="DESKTOP-0TCCTUB" name="PageObject.gitHub_Login" tests="1" failures="0" timestamp="2021-03-25T11:17:15 IST" time="1.904" errors="0">
  <testcase name="login" time="1.904" classname="PageObject.gitHub_Login"/>
  <system-out/>
</testsuite> <!-- PageObject.gitHub_Login -->
