<?xml version="1.0" encoding="UTF-8"?>
<!-- Generated by org.testng.reporters.JUnitReportReporter -->
<testsuite skipped="0" hostname="DESKTOP-0TCCTUB" name="test.Groupings" tests="3" failures="0" timestamp="2021-03-23T12:34:00 IST" time="0.025" errors="0">
  <testcase name="Test6" time="0.006" classname="test.Groupings"/>
  <system-out/>
  <testcase name="Test1" time="0.014" classname="test.Groupings"/>
  <system-out/>
  <testcase name="Test2" time="0.005" classname="test.Groupings"/>
  <system-out/>
</testsuite> <!-- test.Groupings -->
