<?xml version="1.0" encoding="UTF-8"?>
<!-- Generated by org.testng.reporters.JUnitReportReporter -->
<testsuite skipped="0" hostname="DESKTOP-0TCCTUB" name="testapplication.Restaurant" tests="1" failures="0" timestamp="2021-03-22T12:25:51 IST" time="0.008" errors="0">
  <testcase name="loginapp1" time="0.008" classname="testapplication.Restaurant"/>
  <system-out/>
</testsuite> <!-- testapplication.Restaurant -->
