<?xml version="1.0" encoding="UTF-8"?>
<!-- Generated by org.testng.reporters.JUnitReportReporter -->
<testsuite skipped="0" hostname="DESKTOP-0TCCTUB" name="Transactions.Report" tests="2" failures="0" timestamp="2021-03-22T13:51:14 IST" time="12.928" errors="0">
  <testcase name="InvoiceReport" time="8.525" classname="Transactions.Report"/>
  <system-out/>
  <testcase name="JournyPlanReport" time="4.403" classname="Transactions.Report"/>
  <system-out/>
</testsuite> <!-- Transactions.Report -->
