<?xml version="1.0" encoding="UTF-8"?>
<!-- Generated by org.testng.reporters.JUnitReportReporter -->
<testsuite skipped="0" hostname="DESKTOP-0TCCTUB" name="test.Product_Page_Test" tests="1" failures="0" timestamp="2021-01-23T21:22:19 IST" time="4.033" errors="0">
  <testcase name="ProductListpage" time="4.033" classname="test.Product_Page_Test"/>
  <system-out/>
</testsuite> <!-- test.Product_Page_Test -->
