<?xml version="1.0" encoding="UTF-8"?>
<!-- Generated by org.testng.reporters.JUnitReportReporter -->
<testsuite skipped="0" hostname="DESKTOP-0TCCTUB" name="test.Xls_Reader1" tests="1" failures="0" timestamp="2021-02-19T18:39:43 IST" time="0.794" errors="0">
  <testcase name="readData" time="0.794" classname="test.Xls_Reader1"/>
  <system-out/>
</testsuite> <!-- test.Xls_Reader1 -->
