<?xml version="1.0" encoding="UTF-8"?>
<!-- Generated by org.testng.reporters.JUnitReportReporter -->
<testsuite skipped="2" hostname="DESKTOP-0TCCTUB" name="test.dependenciesOnGroup" tests="10" failures="0" timestamp="2021-03-23T17:19:45 IST" time="0.027" errors="0">
  <testcase name="GroupTest6" time="0.002" classname="test.dependenciesOnGroup"/>
  <system-out/>
  <testcase name="GroupTest6" time="0.003" classname="test.dependenciesOnGroup"/>
  <system-out/>
  <testcase name="GroupTest2" time="0.002" classname="test.dependenciesOnGroup"/>
  <system-out/>
  <testcase name="GroupTest3" time="0.002" classname="test.dependenciesOnGroup"/>
  <system-out/>
  <testcase name="GroupTest6" time="0.002" classname="test.dependenciesOnGroup"/>
  <system-out/>
  <testcase name="GroupTest6" time="0.002" classname="test.dependenciesOnGroup"/>
  <system-out/>
  <testcase name="GroupTest1" time="0.012" classname="test.dependenciesOnGroup"/>
  <system-out/>
  <testcase name="GroupTest6" time="0.002" classname="test.dependenciesOnGroup"/>
  <system-out/>
  <testcase name="GroupTest4" classname="test.dependenciesOnGroup">
    <skipped/>
  </testcase> <!-- GroupTest4 -->
  <system-out/>
  <testcase name="GroupTest5" classname="test.dependenciesOnGroup">
    <skipped/>
  </testcase> <!-- GroupTest5 -->
  <system-out/>
</testsuite> <!-- test.dependenciesOnGroup -->
