<?xml version="1.0" encoding="UTF-8"?>
<!-- Generated by org.testng.reporters.JUnitReportReporter -->
<testsuite skipped="0" hostname="DESKTOP-0TCCTUB" name="test.depndencies" tests="2" failures="0" timestamp="2021-03-23T16:36:49 IST" time="0.037" errors="0">
  <testcase name="Ttest1" time="0.002" classname="test.depndencies"/>
  <system-out/>
  <testcase name="Ttest2" time="0.035" classname="test.depndencies"/>
  <system-out/>
</testsuite> <!-- test.depndencies -->
