<?xml version="1.0" encoding="UTF-8"?>
<!-- Generated by org.testng.reporters.JUnitReportReporter -->
<testsuite skipped="0" hostname="DESKTOP-0TCCTUB" name="test.captcha" tests="1" failures="0" timestamp="2021-02-05T21:30:03 IST" time="0.008" errors="0">
  <testcase name="f" time="0.008" classname="test.captcha"/>
  <system-out/>
</testsuite> <!-- test.captcha -->
