<?xml version="1.0" encoding="UTF-8"?>
<!-- Generated by org.testng.reporters.JUnitReportReporter -->
<testsuite skipped="0" hostname="DESKTOP-0TCCTUB" name="testapplication.DataDrivenTest" tests="1" failures="0" timestamp="2021-03-04T09:02:25 IST" time="110.679" errors="0">
  <testcase name="mainfunction" time="110.679" classname="testapplication.DataDrivenTest"/>
  <system-out/>
</testsuite> <!-- testapplication.DataDrivenTest -->
