<?xml version="1.0" encoding="UTF-8"?>
<!-- Generated by org.testng.reporters.JUnitReportReporter -->
<testsuite skipped="0" hostname="DESKTOP-0TCCTUB" name="testapplication.GetAllLinks" tests="2" failures="0" timestamp="2021-01-28T16:15:05 IST" time="15.894" errors="0">
  <testcase name="teardown" time="0.002" classname="testapplication.GetAllLinks"/>
  <system-out/>
  <testcase name="findandlistlinks" time="15.892" classname="testapplication.GetAllLinks"/>
  <system-out/>
</testsuite> <!-- testapplication.GetAllLinks -->
