<?xml version="1.0" encoding="UTF-8"?>
<!-- Generated by org.testng.reporters.JUnitReportReporter -->
<testsuite skipped="0" hostname="DESKTOP-0TCCTUB" name="test.ExtentReport_TestNG" tests="2" failures="0" timestamp="2021-01-24T21:34:50 IST" time="4.554" errors="0">
  <testcase name="test1" time="2.507" classname="test.ExtentReport_TestNG"/>
  <system-out/>
  <testcase name="test2" time="2.047" classname="test.ExtentReport_TestNG"/>
  <system-out/>
</testsuite> <!-- test.ExtentReport_TestNG -->
