<?xml version="1.0" encoding="UTF-8"?>
<!-- Generated by org.testng.reporters.JUnitReportReporter -->
<testsuite skipped="0" hostname="DESKTOP-0TCCTUB" name="test.Product_Page_Test_TestngTest" tests="1" failures="0" timestamp="2021-02-02T13:01:52 IST" time="71.377" errors="0">
  <testcase name="ProductListpage_Title" time="71.377" classname="test.Product_Page_Test_TestngTest"/>
  <system-out/>
</testsuite> <!-- test.Product_Page_Test_TestngTest -->
